# JRE version: OpenJDK Runtime Environment (11.0.8+10) (build 11.0.8+10-b944.6842174)
# Java VM: OpenJDK 64-Bit Server VM (11.0.8+10-b944.6842174, mixed mode, tiered, compressed oops, g1 gc, windows-amd64)
Heap:
 garbage-first heap   total 187392K, used 107148K [0x0000000080000000, 0x0000000100000000)
  region size 1024K, 36 young (36864K), 3 survivors (3072K)
 Metaspace       used 114696K, capacity 117552K, committed 117752K, reserved 1150976K
  class space    used 14400K, capacity 15429K, committed 15512K, reserved 1048576K
GC Heap History (20 events):
Event: 16.161 GC heap before
{Heap before GC invocations=15 (full 0):
 garbage-first heap   total 155648K, used 114280K [0x0000000080000000, 0x0000000100000000)
  region size 1024K, 74 young (75776K), 9 survivors (9216K)
 Metaspace       used 71604K, capacity 73158K, committed 73420K, reserved 1112064K
  class space    used 9403K, capacity 9963K, committed 10060K, reserved 1048576K
}
Event: 16.177 GC heap after
{Heap after GC invocations=16 (full 0):
 garbage-first heap   total 155648K, used 51646K [0x0000000080000000, 0x0000000100000000)
  region size 1024K, 9 young (9216K), 9 survivors (9216K)
 Metaspace       used 71604K, capacity 73158K, committed 73420K, reserved 1112064K
  class space    used 9403K, capacity 9963K, committed 10060K, reserved 1048576K
}
Event: 17.832 GC heap before
{Heap before GC invocations=16 (full 0):
 garbage-first heap   total 155648K, used 116158K [0x0000000080000000, 0x0000000100000000)
  region size 1024K, 73 young (74752K), 9 survivors (9216K)
 Metaspace       used 75513K, capacity 77377K, committed 77516K, reserved 1116160K
  class space    used 9849K, capacity 10508K, committed 10572K, reserved 1048576K
}
Event: 17.853 GC heap after
{Heap after GC invocations=17 (full 0):
 garbage-first heap   total 155648K, used 56622K [0x0000000080000000, 0x0000000100000000)
  region size 1024K, 9 young (9216K), 9 survivors (9216K)
 Metaspace       used 75513K, capacity 77377K, committed 77516K, reserved 1116160K
  class space    used 9849K, capacity 10508K, committed 10572K, reserved 1048576K
}
Event: 19.781 GC heap before
{Heap before GC invocations=17 (full 0):
 garbage-first heap   total 155648K, used 128302K [0x0000000080000000, 0x0000000100000000)
  region size 1024K, 71 young (72704K), 9 survivors (9216K)
 Metaspace       used 81011K, capacity 82932K, committed 83020K, reserved 1122304K
  class space    used 10467K, capacity 11127K, committed 11212K, reserved 1048576K
}
Event: 19.809 GC heap after
{Heap after GC invocations=18 (full 0):
 garbage-first heap   total 155648K, used 58827K [0x0000000080000000, 0x0000000100000000)
  region size 1024K, 7 young (7168K), 7 survivors (7168K)
 Metaspace       used 81011K, capacity 82932K, committed 83020K, reserved 1122304K
  class space    used 10467K, capacity 11127K, committed 11212K, reserved 1048576K
}
Event: 21.585 GC heap before
{Heap before GC invocations=18 (full 0):
 garbage-first heap   total 155648K, used 122315K [0x0000000080000000, 0x0000000100000000)
  region size 1024K, 70 young (71680K), 7 survivors (7168K)
 Metaspace       used 83739K, capacity 85760K, committed 85964K, reserved 1124352K
  class space    used 10791K, capacity 11463K, committed 11596K, reserved 1048576K
}
Event: 21.600 GC heap after
{Heap after GC invocations=19 (full 0):
 garbage-first heap   total 187392K, used 62099K [0x0000000080000000, 0x0000000100000000)
  region size 1024K, 6 young (6144K), 6 survivors (6144K)
 Metaspace       used 83739K, capacity 85760K, committed 85964K, reserved 1124352K
  class space    used 10791K, capacity 11463K, committed 11596K, reserved 1048576K
}
Event: 42.479 GC heap before
{Heap before GC invocations=19 (full 0):
 garbage-first heap   total 187392K, used 138899K [0x0000000080000000, 0x0000000100000000)
  region size 1024K, 82 young (83968K), 6 survivors (6144K)
 Metaspace       used 87420K, capacity 89448K, committed 89676K, reserved 1126400K
  class space    used 11192K, capacity 11903K, committed 11980K, reserved 1048576K
}
Event: 42.508 GC heap after
{Heap after GC invocations=20 (full 0):
 garbage-first heap   total 187392K, used 68190K [0x0000000080000000, 0x0000000100000000)
  region size 1024K, 11 young (11264K), 11 survivors (11264K)
 Metaspace       used 87420K, capacity 89448K, committed 89676K, reserved 1126400K
  class space    used 11192K, capacity 11903K, committed 11980K, reserved 1048576K
}
Event: 43.944 GC heap before
{Heap before GC invocations=20 (full 0):
 garbage-first heap   total 187392K, used 144990K [0x0000000080000000, 0x0000000100000000)
  region size 1024K, 87 young (89088K), 11 survivors (11264K)
 Metaspace       used 93103K, capacity 95183K, committed 95564K, reserved 1132544K
  class space    used 11915K, capacity 12619K, committed 12748K, reserved 1048576K
}
Event: 43.964 GC heap after
{Heap after GC invocations=21 (full 0):
 garbage-first heap   total 187392K, used 71395K [0x0000000080000000, 0x0000000100000000)
  region size 1024K, 5 young (5120K), 5 survivors (5120K)
 Metaspace       used 93103K, capacity 95183K, committed 95564K, reserved 1132544K
  class space    used 11915K, capacity 12619K, committed 12748K, reserved 1048576K
}
Event: 48.028 GC heap before
{Heap before GC invocations=21 (full 0):
 garbage-first heap   total 187392K, used 140003K [0x0000000080000000, 0x0000000100000000)
  region size 1024K, 69 young (70656K), 5 survivors (5120K)
 Metaspace       used 98651K, capacity 100934K, committed 101036K, reserved 1136640K
  class space    used 12517K, capacity 13346K, committed 13388K, reserved 1048576K
}
Event: 48.041 GC heap after
{Heap after GC invocations=22 (full 0):
 garbage-first heap   total 187392K, used 74176K [0x0000000080000000, 0x0000000100000000)
  region size 1024K, 6 young (6144K), 6 survivors (6144K)
 Metaspace       used 98651K, capacity 100934K, committed 101036K, reserved 1136640K
  class space    used 12517K, capacity 13346K, committed 13388K, reserved 1048576K
}
Event: 49.746 GC heap before
{Heap before GC invocations=23 (full 0):
 garbage-first heap   total 187392K, used 146880K [0x0000000080000000, 0x0000000100000000)
  region size 1024K, 78 young (79872K), 6 survivors (6144K)
 Metaspace       used 107482K, capacity 110202K, committed 110456K, reserved 1144832K
  class space    used 13767K, capacity 14768K, committed 14872K, reserved 1048576K
}
Event: 49.774 GC heap after
{Heap after GC invocations=24 (full 0):
 garbage-first heap   total 187392K, used 79524K [0x0000000080000000, 0x0000000100000000)
  region size 1024K, 9 young (9216K), 9 survivors (9216K)
 Metaspace       used 107482K, capacity 110202K, committed 110456K, reserved 1144832K
  class space    used 13767K, capacity 14768K, committed 14872K, reserved 1048576K
}
Event: 51.825 GC heap before
{Heap before GC invocations=25 (full 0):
 garbage-first heap   total 187392K, used 157348K [0x0000000080000000, 0x0000000100000000)
  region size 1024K, 76 young (77824K), 9 survivors (9216K)
 Metaspace       used 112125K, capacity 114911K, committed 115064K, reserved 1148928K
  class space    used 14283K, capacity 15306K, committed 15384K, reserved 1048576K
}
Event: 51.837 GC heap after
{Heap after GC invocations=26 (full 0):
 garbage-first heap   total 187392K, used 74844K [0x0000000080000000, 0x0000000100000000)
  region size 1024K, 2 young (2048K), 2 survivors (2048K)
 Metaspace       used 112125K, capacity 114911K, committed 115064K, reserved 1148928K
  class space    used 14283K, capacity 15306K, committed 15384K, reserved 1048576K
}
Event: 2346.745 GC heap before
{Heap before GC invocations=26 (full 0):
 garbage-first heap   total 187392K, used 146524K [0x0000000080000000, 0x0000000100000000)
  region size 1024K, 73 young (74752K), 2 survivors (2048K)
 Metaspace       used 114161K, capacity 116944K, committed 117240K, reserved 1150976K
  class space    used 14391K, capacity 15413K, committed 15512K, reserved 1048576K
}
Event: 2347.049 GC heap after
{Heap after GC invocations=27 (full 0):
 garbage-first heap   total 187392K, used 75404K [0x0000000080000000, 0x0000000100000000)
  region size 1024K, 3 young (3072K), 3 survivors (3072K)
 Metaspace       used 114161K, capacity 116944K, committed 117240K, reserved 1150976K
  class space    used 14391K, capacity 15413K, committed 15512K, reserved 1048576K
}

